{
  "RSpec": {
    "coverage": {
      "/Users/simonyi/Projects/bookmark-manager/spec/bookmarks_spec.rb": [
        1,
        null,
        1,
        1,
        1,
        1,
        1,
        1,
        1,
        1,
        null,
        1,
        null,
        null,
        null
      ],
      "/Users/simonyi/Projects/bookmark-manager/spec/features/list_all_spec.rb": [
        1,
        1,
        1,
        1,
        1,
        1,
        null,
        1,
        1,
        1,
        1,
        null,
        null
      ],
      "/Users/simonyi/Projects/bookmark-manager/spec/features/testing_infrastructure_spec.rb": [
        1,
        1,
        1,
        1,
        null,
        null
      ]
    },
    "timestamp": 1556116032
  }
}
